<?xml version="1.0" encoding="UTF-8"?>
<testsuite name="LettersTests" tests="1" skipped="0" failures="0" errors="0" timestamp="2023-09-17T12:03:24" hostname="DESKTOP-N2CPLSH" time="0.004">
  <properties/>
  <testcase name="testSolution" classname="LettersTests" time="0.004"/>
  <system-out><![CDATA[]]></system-out>
  <system-err><![CDATA[]]></system-err>
</testsuite>
