<?xml version="1.0" encoding="UTF-8"?>
<testsuite name="ShortestTests" tests="1" skipped="0" failures="0" errors="0" timestamp="2023-09-17T11:54:09" hostname="DESKTOP-N2CPLSH" time="0.002">
  <properties/>
  <testcase name="testSolution" classname="ShortestTests" time="0.002"/>
  <system-out><![CDATA[]]></system-out>
  <system-err><![CDATA[]]></system-err>
</testsuite>
